m:\cmp208\gef_abertay\platform\vita\build\vs2017\psvita\debug\clear_f_gxp.obj
m:\cmp208\gef_abertay\platform\vita\build\vs2017\psvita\debug\clear_v_gxp.obj
m:\cmp208\cmp208-coursework1\media\shaders\gef\vita\default_sprite_shader_ps.gxp
m:\cmp208\cmp208-coursework1\media\shaders\gef\vita\default_sprite_shader_vs.gxp
m:\cmp208\cmp208-coursework1\media\shaders\gef\vita\default_3d_shader_ps.gxp
m:\cmp208\cmp208-coursework1\media\shaders\gef\vita\default_3d_shader_vs.gxp
m:\cmp208\cmp208-coursework1\media\shaders\gef\vita\default_3d_skinning_shader_vs.gxp
m:\cmp208\cmp208-coursework1\media\shaders\gef\vita\default_3d_skinning_shader_ps.gxp
m:\cmp208\cmp208-coursework1\build\vs2017\psvita\debug\gef_vita.a
m:\cmp208\gef_abertay\platform\vita\build\vs2017\psvita\debug\audio_manager_vita.o
m:\cmp208\gef_abertay\platform\vita\build\vs2017\psvita\debug\default_3d_shader_vita.o
m:\cmp208\gef_abertay\platform\vita\build\vs2017\psvita\debug\depth_buffer_vita.o
m:\cmp208\gef_abertay\platform\vita\build\vs2017\psvita\debug\index_buffer_vita.o
m:\cmp208\gef_abertay\platform\vita\build\vs2017\psvita\debug\renderer_3d_vita.o
m:\cmp208\gef_abertay\platform\vita\build\vs2017\psvita\debug\render_target_vita.o
m:\cmp208\gef_abertay\platform\vita\build\vs2017\psvita\debug\shader_interface_vita.o
m:\cmp208\gef_abertay\platform\vita\build\vs2017\psvita\debug\shader_vita.o
m:\cmp208\gef_abertay\platform\vita\build\vs2017\psvita\debug\skinned_mesh_shader_vita.o
m:\cmp208\gef_abertay\platform\vita\build\vs2017\psvita\debug\sprite_renderer_vita.o
m:\cmp208\gef_abertay\platform\vita\build\vs2017\psvita\debug\texture_vita.o
m:\cmp208\gef_abertay\platform\vita\build\vs2017\psvita\debug\vertex_buffer_vita.o
m:\cmp208\gef_abertay\platform\vita\build\vs2017\psvita\debug\input_manager_vita.o
m:\cmp208\gef_abertay\platform\vita\build\vs2017\psvita\debug\sony_controller_input_manager_vita.o
m:\cmp208\gef_abertay\platform\vita\build\vs2017\psvita\debug\touch_input_manager_vita.o
m:\cmp208\gef_abertay\platform\vita\build\vs2017\psvita\debug\debug_log_vita.o
m:\cmp208\gef_abertay\platform\vita\build\vs2017\psvita\debug\file_vita.o
m:\cmp208\gef_abertay\platform\vita\build\vs2017\psvita\debug\platform_vita.o
m:\cmp208\gef_abertay\platform\vita\build\vs2017\psvita\debug\gef_vita.tlog\custombuild.command.1.tlog
m:\cmp208\gef_abertay\platform\vita\build\vs2017\psvita\debug\gef_vita.tlog\custombuild.read.1.tlog
m:\cmp208\gef_abertay\platform\vita\build\vs2017\psvita\debug\gef_vita.tlog\custombuild.write.1.tlog
m:\cmp208\gef_abertay\platform\vita\build\vs2017\psvita\debug\gef_vita.tlog\psp2snarl.command.1.tlog
m:\cmp208\gef_abertay\platform\vita\build\vs2017\psvita\debug\gef_vita.tlog\psp2snarl.read.1.tlog
m:\cmp208\gef_abertay\platform\vita\build\vs2017\psvita\debug\gef_vita.tlog\psp2snarl.write.1.tlog
m:\cmp208\gef_abertay\platform\vita\build\vs2017\psvita\debug\gef_vita.tlog\psp2snc.command.1.tlog
m:\cmp208\gef_abertay\platform\vita\build\vs2017\psvita\debug\gef_vita.tlog\psp2snc.read.1.tlog
m:\cmp208\gef_abertay\platform\vita\build\vs2017\psvita\debug\gef_vita.tlog\psp2snc.write.1.tlog
