m:\cmp208\gef_abertay\platform\vita\build\vs2017\psvita\release\clear_f_gxp.obj
m:\cmp208\gef_abertay\platform\vita\build\vs2017\psvita\release\clear_v_gxp.obj
m:\cmp208\cmp208-coursework\media\shaders\gef\vita\default_sprite_shader_ps.gxp
m:\cmp208\cmp208-coursework\media\shaders\gef\vita\default_sprite_shader_vs.gxp
m:\cmp208\cmp208-coursework\media\shaders\gef\vita\default_3d_shader_ps.gxp
m:\cmp208\cmp208-coursework\media\shaders\gef\vita\default_3d_shader_vs.gxp
m:\cmp208\cmp208-coursework\media\shaders\gef\vita\default_3d_skinning_shader_vs.gxp
m:\cmp208\cmp208-coursework\media\shaders\gef\vita\default_3d_skinning_shader_ps.gxp
m:\cmp208\cmp208-coursework\build\vs2017\psvita\release\gef_vita.a
m:\cmp208\gef_abertay\platform\vita\build\vs2017\psvita\release\audio_manager_vita.o
m:\cmp208\gef_abertay\platform\vita\build\vs2017\psvita\release\default_3d_shader_vita.o
m:\cmp208\gef_abertay\platform\vita\build\vs2017\psvita\release\depth_buffer_vita.o
m:\cmp208\gef_abertay\platform\vita\build\vs2017\psvita\release\index_buffer_vita.o
m:\cmp208\gef_abertay\platform\vita\build\vs2017\psvita\release\renderer_3d_vita.o
m:\cmp208\gef_abertay\platform\vita\build\vs2017\psvita\release\render_target_vita.o
m:\cmp208\gef_abertay\platform\vita\build\vs2017\psvita\release\shader_interface_vita.o
m:\cmp208\gef_abertay\platform\vita\build\vs2017\psvita\release\shader_vita.o
m:\cmp208\gef_abertay\platform\vita\build\vs2017\psvita\release\skinned_mesh_shader_vita.o
m:\cmp208\gef_abertay\platform\vita\build\vs2017\psvita\release\sprite_renderer_vita.o
m:\cmp208\gef_abertay\platform\vita\build\vs2017\psvita\release\texture_vita.o
m:\cmp208\gef_abertay\platform\vita\build\vs2017\psvita\release\vertex_buffer_vita.o
m:\cmp208\gef_abertay\platform\vita\build\vs2017\psvita\release\input_manager_vita.o
m:\cmp208\gef_abertay\platform\vita\build\vs2017\psvita\release\sony_controller_input_manager_vita.o
m:\cmp208\gef_abertay\platform\vita\build\vs2017\psvita\release\touch_input_manager_vita.o
m:\cmp208\gef_abertay\platform\vita\build\vs2017\psvita\release\debug_log_vita.o
m:\cmp208\gef_abertay\platform\vita\build\vs2017\psvita\release\file_vita.o
m:\cmp208\gef_abertay\platform\vita\build\vs2017\psvita\release\platform_vita.o
m:\cmp208\gef_abertay\platform\vita\build\vs2017\psvita\release\gef_vita.tlog\custombuild.command.1.tlog
m:\cmp208\gef_abertay\platform\vita\build\vs2017\psvita\release\gef_vita.tlog\custombuild.read.1.tlog
m:\cmp208\gef_abertay\platform\vita\build\vs2017\psvita\release\gef_vita.tlog\custombuild.write.1.tlog
m:\cmp208\gef_abertay\platform\vita\build\vs2017\psvita\release\gef_vita.tlog\psp2snarl.command.1.tlog
m:\cmp208\gef_abertay\platform\vita\build\vs2017\psvita\release\gef_vita.tlog\psp2snarl.read.1.tlog
m:\cmp208\gef_abertay\platform\vita\build\vs2017\psvita\release\gef_vita.tlog\psp2snarl.write.1.tlog
m:\cmp208\gef_abertay\platform\vita\build\vs2017\psvita\release\gef_vita.tlog\psp2snc.command.1.tlog
m:\cmp208\gef_abertay\platform\vita\build\vs2017\psvita\release\gef_vita.tlog\psp2snc.read.1.tlog
m:\cmp208\gef_abertay\platform\vita\build\vs2017\psvita\release\gef_vita.tlog\psp2snc.write.1.tlog
