m:\cmp208\gef_abertay\platform\vita\build\vs2017\psvita\release optimised\clear_f_gxp.obj
m:\cmp208\gef_abertay\platform\vita\build\vs2017\psvita\release optimised\clear_v_gxp.obj
m:\cmp208\cmp208-coursework1\media\shaders\gef\vita\default_sprite_shader_ps.gxp
m:\cmp208\cmp208-coursework1\media\shaders\gef\vita\default_sprite_shader_vs.gxp
m:\cmp208\cmp208-coursework1\media\shaders\gef\vita\default_3d_shader_ps.gxp
m:\cmp208\cmp208-coursework1\media\shaders\gef\vita\default_3d_shader_vs.gxp
m:\cmp208\cmp208-coursework1\media\shaders\gef\vita\default_3d_skinning_shader_vs.gxp
m:\cmp208\cmp208-coursework1\media\shaders\gef\vita\default_3d_skinning_shader_ps.gxp
m:\cmp208\cmp208-coursework1\build\vs2017\psvita\release optimised\gef_vita.a
m:\cmp208\gef_abertay\platform\vita\build\vs2017\psvita\release optimised\audio_manager_vita.o
m:\cmp208\gef_abertay\platform\vita\build\vs2017\psvita\release optimised\default_3d_shader_vita.o
m:\cmp208\gef_abertay\platform\vita\build\vs2017\psvita\release optimised\depth_buffer_vita.o
m:\cmp208\gef_abertay\platform\vita\build\vs2017\psvita\release optimised\index_buffer_vita.o
m:\cmp208\gef_abertay\platform\vita\build\vs2017\psvita\release optimised\renderer_3d_vita.o
m:\cmp208\gef_abertay\platform\vita\build\vs2017\psvita\release optimised\render_target_vita.o
m:\cmp208\gef_abertay\platform\vita\build\vs2017\psvita\release optimised\shader_interface_vita.o
m:\cmp208\gef_abertay\platform\vita\build\vs2017\psvita\release optimised\shader_vita.o
m:\cmp208\gef_abertay\platform\vita\build\vs2017\psvita\release optimised\skinned_mesh_shader_vita.o
m:\cmp208\gef_abertay\platform\vita\build\vs2017\psvita\release optimised\sprite_renderer_vita.o
m:\cmp208\gef_abertay\platform\vita\build\vs2017\psvita\release optimised\texture_vita.o
m:\cmp208\gef_abertay\platform\vita\build\vs2017\psvita\release optimised\vertex_buffer_vita.o
m:\cmp208\gef_abertay\platform\vita\build\vs2017\psvita\release optimised\input_manager_vita.o
m:\cmp208\gef_abertay\platform\vita\build\vs2017\psvita\release optimised\sony_controller_input_manager_vita.o
m:\cmp208\gef_abertay\platform\vita\build\vs2017\psvita\release optimised\touch_input_manager_vita.o
m:\cmp208\gef_abertay\platform\vita\build\vs2017\psvita\release optimised\debug_log_vita.o
m:\cmp208\gef_abertay\platform\vita\build\vs2017\psvita\release optimised\file_vita.o
m:\cmp208\gef_abertay\platform\vita\build\vs2017\psvita\release optimised\platform_vita.o
m:\cmp208\gef_abertay\platform\vita\build\vs2017\psvita\release optimised\gef_vita.tlog\custombuild.command.1.tlog
m:\cmp208\gef_abertay\platform\vita\build\vs2017\psvita\release optimised\gef_vita.tlog\custombuild.read.1.tlog
m:\cmp208\gef_abertay\platform\vita\build\vs2017\psvita\release optimised\gef_vita.tlog\custombuild.write.1.tlog
m:\cmp208\gef_abertay\platform\vita\build\vs2017\psvita\release optimised\gef_vita.tlog\psp2snarl.command.1.tlog
m:\cmp208\gef_abertay\platform\vita\build\vs2017\psvita\release optimised\gef_vita.tlog\psp2snarl.read.1.tlog
m:\cmp208\gef_abertay\platform\vita\build\vs2017\psvita\release optimised\gef_vita.tlog\psp2snarl.write.1.tlog
m:\cmp208\gef_abertay\platform\vita\build\vs2017\psvita\release optimised\gef_vita.tlog\psp2snc.command.1.tlog
m:\cmp208\gef_abertay\platform\vita\build\vs2017\psvita\release optimised\gef_vita.tlog\psp2snc.read.1.tlog
m:\cmp208\gef_abertay\platform\vita\build\vs2017\psvita\release optimised\gef_vita.tlog\psp2snc.write.1.tlog
